method = sample (Default)
  sample
    num_samples = 2000
    num_warmup = 900
    save_warmup = 0 (Default)
    thin = 1 (Default)
    adapt
      engaged = 1 (Default)
      gamma = 0.050000000000000003 (Default)
      delta = 0.98999999999999999
      kappa = 0.75 (Default)
      t0 = 10 (Default)
      init_buffer = 75 (Default)
      term_buffer = 50 (Default)
      window = 25 (Default)
    algorithm = hmc (Default)
      hmc
        engine = nuts (Default)
          nuts
            max_depth = 10 (Default)
        metric = diag_e (Default)
        metric_file =  (Default)
        stepsize = 1 (Default)
        stepsize_jitter = 1
id = 1
data
  file = itp1_1.data.R
init = 2 (Default)
random
  seed = 1391277316
output
  file = itp1_samples_1.csv
  diagnostic_file =  (Default)
  refresh = 100 (Default)

method = sample (Default)
  sample
    num_samples = 2000
    num_warmup = 900
    save_warmup = 0 (Default)
    thin = 1 (Default)
    adapt
      engaged = 1 (Default)
      gamma = 0.050000000000000003 (Default)
      delta = 0.98999999999999999
      kappa = 0.75 (Default)
      t0 = 10 (Default)
      init_buffer = 75 (Default)
      term_buffer = 50 (Default)
      window = 25 (Default)
    algorithm = hmc (Default)
      hmc
        engine = nuts (Default)
          nuts
            max_depth = 10 (Default)
        metric = diag_e (Default)
        metric_file =  (Default)
        stepsize = 1 (Default)
        stepsize_jitter = 1
id = 2
data
  file = itp1_2.data.R
init = 2 (Default)
random
  seed = 1391277319
output
  file = itp1_samples_2.csv
  diagnostic_file =  (Default)
  refresh = 100 (Default)

method = sample (Default)
  sample
    num_samples = 2000
    num_warmup = 900
    save_warmup = 0 (Default)
    thin = 1 (Default)
    adapt
      engaged = 1 (Default)
      gamma = 0.050000000000000003 (Default)
      delta = 0.98999999999999999
      kappa = 0.75 (Default)
      t0 = 10 (Default)
      init_buffer = 75 (Default)
      term_buffer = 50 (Default)
      window = 25 (Default)
    algorithm = hmc (Default)
      hmc
        engine = nuts (Default)
          nuts
            max_depth = 10 (Default)
        metric = diag_e (Default)
        metric_file =  (Default)
        stepsize = 1 (Default)
        stepsize_jitter = 1
id = 3
data
  file = itp1_3.data.R
init = 2 (Default)
random
  seed = 1391277322
output
  file = itp1_samples_3.csv
  diagnostic_file =  (Default)
  refresh = 100 (Default)

method = sample (Default)
  sample
    num_samples = 2000
    num_warmup = 900
    save_warmup = 0 (Default)
    thin = 1 (Default)
    adapt
      engaged = 1 (Default)
      gamma = 0.050000000000000003 (Default)
      delta = 0.98999999999999999
      kappa = 0.75 (Default)
      t0 = 10 (Default)
      init_buffer = 75 (Default)
      term_buffer = 50 (Default)
      window = 25 (Default)
    algorithm = hmc (Default)
      hmc
        engine = nuts (Default)
          nuts
            max_depth = 10 (Default)
        metric = diag_e (Default)
        metric_file =  (Default)
        stepsize = 1 (Default)
        stepsize_jitter = 1
id = 4
data
  file = itp1_4.data.R
init = 2 (Default)
random
  seed = 1391277326
output
  file = itp1_samples_4.csv
  diagnostic_file =  (Default)
  refresh = 100 (Default)


Gradient evaluation took 0.014881 seconds
1000 transitions using 10 leapfrog steps per transition would take 148.81 seconds.
Adjust your expectations accordingly!



Gradient evaluation took 0.01692 seconds
1000 transitions using 10 leapfrog steps per transition would take 169.2 seconds.
Adjust your expectations accordingly!



Gradient evaluation took 0.019699 seconds
1000 transitions using 10 leapfrog steps per transition would take 196.99 seconds.
Adjust your expectations accordingly!



Gradient evaluation took 0.021148 seconds
1000 transitions using 10 leapfrog steps per transition would take 211.48 seconds.
Adjust your expectations accordingly!


Iteration:    1 / 2900 [  0%]  (Warmup)
Iteration:    1 / 2900 [  0%]  (Warmup)
Iteration:    1 / 2900 [  0%]  (Warmup)
Iteration:    1 / 2900 [  0%]  (Warmup)
Iteration:  100 / 2900 [  3%]  (Warmup)
Iteration:  100 / 2900 [  3%]  (Warmup)
Iteration:  200 / 2900 [  6%]  (Warmup)
Iteration:  300 / 2900 [ 10%]  (Warmup)
Iteration:  400 / 2900 [ 13%]  (Warmup)
Iteration:  100 / 2900 [  3%]  (Warmup)
Iteration:  500 / 2900 [ 17%]  (Warmup)
Iteration:  600 / 2900 [ 20%]  (Warmup)
Iteration:  700 / 2900 [ 24%]  (Warmup)
Iteration:  800 / 2900 [ 27%]  (Warmup)
Iteration:  900 / 2900 [ 31%]  (Warmup)
Iteration:  901 / 2900 [ 31%]  (Sampling)
Iteration: 1000 / 2900 [ 34%]  (Sampling)
Iteration: 1100 / 2900 [ 37%]  (Sampling)
Iteration: 1200 / 2900 [ 41%]  (Sampling)
Iteration:  100 / 2900 [  3%]  (Warmup)
Iteration: 1300 / 2900 [ 44%]  (Sampling)
Iteration: 1400 / 2900 [ 48%]  (Sampling)
Iteration: 1500 / 2900 [ 51%]  (Sampling)
Iteration: 1600 / 2900 [ 55%]  (Sampling)
Iteration: 1700 / 2900 [ 58%]  (Sampling)
Iteration: 1800 / 2900 [ 62%]  (Sampling)
Iteration: 1900 / 2900 [ 65%]  (Sampling)
Iteration: 2000 / 2900 [ 68%]  (Sampling)
Iteration: 2100 / 2900 [ 72%]  (Sampling)
Iteration: 2200 / 2900 [ 75%]  (Sampling)
Iteration: 2300 / 2900 [ 79%]  (Sampling)
Iteration: 2400 / 2900 [ 82%]  (Sampling)
Iteration: 2500 / 2900 [ 86%]  (Sampling)
Iteration: 2600 / 2900 [ 89%]  (Sampling)
Iteration: 2700 / 2900 [ 93%]  (Sampling)
Iteration: 2800 / 2900 [ 96%]  (Sampling)
Iteration: 2900 / 2900 [ 99%]  (Sampling)

 Elapsed Time: 77.5144 seconds (Warm-up)
               191.37 seconds (Sampling)
               268.884 seconds (Total)

Iteration:  200 / 2900 [  6%]  (Warmup)
Iteration:  200 / 2900 [  6%]  (Warmup)
Iteration:  200 / 2900 [  6%]  (Warmup)
Iteration:  300 / 2900 [ 10%]  (Warmup)
Iteration:  300 / 2900 [ 10%]  (Warmup)
Iteration:  300 / 2900 [ 10%]  (Warmup)
Iteration:  400 / 2900 [ 13%]  (Warmup)
Iteration:  400 / 2900 [ 13%]  (Warmup)
Iteration:  400 / 2900 [ 13%]  (Warmup)
Iteration:  500 / 2900 [ 17%]  (Warmup)
Iteration:  500 / 2900 [ 17%]  (Warmup)
Iteration:  500 / 2900 [ 17%]  (Warmup)
Iteration:  600 / 2900 [ 20%]  (Warmup)
Iteration:  600 / 2900 [ 20%]  (Warmup)
Iteration:  600 / 2900 [ 20%]  (Warmup)
Iteration:  700 / 2900 [ 24%]  (Warmup)
Iteration:  700 / 2900 [ 24%]  (Warmup)
Iteration:  700 / 2900 [ 24%]  (Warmup)
Iteration:  800 / 2900 [ 27%]  (Warmup)
Iteration:  800 / 2900 [ 27%]  (Warmup)
Iteration:  800 / 2900 [ 27%]  (Warmup)
Iteration:  900 / 2900 [ 31%]  (Warmup)
Iteration:  901 / 2900 [ 31%]  (Sampling)
Iteration:  900 / 2900 [ 31%]  (Warmup)
Iteration:  901 / 2900 [ 31%]  (Sampling)
Iteration:  900 / 2900 [ 31%]  (Warmup)
Iteration:  901 / 2900 [ 31%]  (Sampling)
Iteration: 1000 / 2900 [ 34%]  (Sampling)
Iteration: 1000 / 2900 [ 34%]  (Sampling)
Iteration: 1000 / 2900 [ 34%]  (Sampling)
Iteration: 1100 / 2900 [ 37%]  (Sampling)
Iteration: 1100 / 2900 [ 37%]  (Sampling)
Iteration: 1100 / 2900 [ 37%]  (Sampling)
Iteration: 1200 / 2900 [ 41%]  (Sampling)
Iteration: 1200 / 2900 [ 41%]  (Sampling)
Iteration: 1200 / 2900 [ 41%]  (Sampling)
Iteration: 1300 / 2900 [ 44%]  (Sampling)
Iteration: 1300 / 2900 [ 44%]  (Sampling)
Iteration: 1300 / 2900 [ 44%]  (Sampling)
Iteration: 1400 / 2900 [ 48%]  (Sampling)
Iteration: 1400 / 2900 [ 48%]  (Sampling)
Iteration: 1400 / 2900 [ 48%]  (Sampling)
Iteration: 1500 / 2900 [ 51%]  (Sampling)
Iteration: 1500 / 2900 [ 51%]  (Sampling)
Iteration: 1600 / 2900 [ 55%]  (Sampling)
Iteration: 1500 / 2900 [ 51%]  (Sampling)
Iteration: 1600 / 2900 [ 55%]  (Sampling)
Iteration: 1700 / 2900 [ 58%]  (Sampling)
Iteration: 1600 / 2900 [ 55%]  (Sampling)
Iteration: 1700 / 2900 [ 58%]  (Sampling)
Iteration: 1800 / 2900 [ 62%]  (Sampling)
Iteration: 1700 / 2900 [ 58%]  (Sampling)
Iteration: 1800 / 2900 [ 62%]  (Sampling)
Iteration: 1900 / 2900 [ 65%]  (Sampling)
Iteration: 1800 / 2900 [ 62%]  (Sampling)
Iteration: 1900 / 2900 [ 65%]  (Sampling)
Iteration: 2000 / 2900 [ 68%]  (Sampling)
Iteration: 2000 / 2900 [ 68%]  (Sampling)
Iteration: 1900 / 2900 [ 65%]  (Sampling)
Iteration: 2100 / 2900 [ 72%]  (Sampling)
Iteration: 2100 / 2900 [ 72%]  (Sampling)
Iteration: 2000 / 2900 [ 68%]  (Sampling)
Iteration: 2200 / 2900 [ 75%]  (Sampling)
Iteration: 2200 / 2900 [ 75%]  (Sampling)
Iteration: 2100 / 2900 [ 72%]  (Sampling)
Iteration: 2300 / 2900 [ 79%]  (Sampling)
Iteration: 2300 / 2900 [ 79%]  (Sampling)
Iteration: 2400 / 2900 [ 82%]  (Sampling)
Iteration: 2200 / 2900 [ 75%]  (Sampling)
Iteration: 2400 / 2900 [ 82%]  (Sampling)
Iteration: 2500 / 2900 [ 86%]  (Sampling)
Iteration: 2300 / 2900 [ 79%]  (Sampling)
Iteration: 2500 / 2900 [ 86%]  (Sampling)
Iteration: 2600 / 2900 [ 89%]  (Sampling)
Iteration: 2400 / 2900 [ 82%]  (Sampling)
Iteration: 2600 / 2900 [ 89%]  (Sampling)
Iteration: 2700 / 2900 [ 93%]  (Sampling)
Iteration: 2500 / 2900 [ 86%]  (Sampling)
Iteration: 2700 / 2900 [ 93%]  (Sampling)
Iteration: 2800 / 2900 [ 96%]  (Sampling)
Iteration: 2600 / 2900 [ 89%]  (Sampling)
Iteration: 2800 / 2900 [ 96%]  (Sampling)
Iteration: 2900 / 2900 [ 99%]  (Sampling)

 Elapsed Time: 3110.24 seconds (Warm-up)
               6840.35 seconds (Sampling)
               9950.59 seconds (Total)

Iteration: 2900 / 2900 [ 99%]  (Sampling)

 Elapsed Time: 3350.85 seconds (Warm-up)
               6761.06 seconds (Sampling)
               10111.9 seconds (Total)

Iteration: 2700 / 2900 [ 93%]  (Sampling)
Iteration: 2800 / 2900 [ 96%]  (Sampling)
Iteration: 2900 / 2900 [ 99%]  (Sampling)

 Elapsed Time: 3199.31 seconds (Warm-up)
               7572.8 seconds (Sampling)
               10772.1 seconds (Total)

